INFO:readers.data_fetcher:从国家外汇管理局获取人民币中间价
INFO:readers.data_fetcher:汇率数据日期: 2026-04-16 9:15
INFO:readers.data_fetcher:找到 25 条汇率记录
INFO:readers.data_fetcher:国家外汇管理局 - 美元/人民币: 6.8616
[API] 成功导入API模块
今天是: 2026-04-16
当前时间: 13:45:06
[API] 9:15-14:35已访问过API，无最新数据，请14:35之后再次点击

=== 第一步 从API获取数据  ===
[API] 不访问API，使用最新的本地CSV文件: D:\Study\codexTest\CodexLOFarb\data\woodyAPI\Data_woodyAPI_20260416_1035.csv
[API] 从CSV文件成功读取数据: D:\Study\codexTest\CodexLOFarb\data\woodyAPI\Data_woodyAPI_20260416_1035.csv
[API] 共读取 19 条记录

=== 根据 API 数据同步更新 YAML 配置文件 ===
  [ℹ️] YAML 配置文件中的仓位和权重已是最新，无需更新

========================================
第二步：处理basic基础文件（作为备份）
========================================

=== 从外汇管理局获取汇率数据 ===
汇率数据日期: 2026-04-16
人民币中间价: 6.8616
今天是交易日，T日为: 2026-04-16
T-1日为: 2026-04-15
[汇率] 已添加/更新汇率数据: 2026-04-16 - 6.8616

=== 智能分流爬取所有ETF的历史价格数据 (SLV, USO-HK, XOP, XBI, GLD, GLD-JP, XLY, SPY, QQQ, USO, USO-JP, GLD-EU, USO-EU) ===

=== 新浪爬取 SLV 的价格数据 ===
  [SINA_OK] 成功读取SLV数据，最新日期: 2026-04-15，最新价格: 71.84

=== woody爬取 USO-HK 的价格数据 ===
  ⏳ 遭遇服务器防火墙拦截或网络异常，强制休眠 11.0 秒后进行第 2 次重试...
  ⏳ 遭遇服务器防火墙拦截或网络异常，强制休眠 10.5 秒后进行第 3 次重试...
  [ERROR] 网络请求失败: HTTPSConnectionPool(host='palmmicro.com', port=443): Read timed out. (read timeout=15)

=== 新浪爬取 XOP 的价格数据 ===
  [SINA_OK] 成功读取XOP数据，最新日期: 2026-04-15，最新价格: 164.26

=== 新浪爬取 XBI 的价格数据 ===
  [SINA_OK] 成功读取XBI数据，最新日期: 2026-04-15，最新价格: 136.45

=== woody爬取 GLD 的价格数据 ===
  ⏳ 遭遇服务器防火墙拦截或网络异常，强制休眠 13.3 秒后进行第 2 次重试...
  ⏳ 遭遇服务器防火墙拦截或网络异常，强制休眠 11.8 秒后进行第 3 次重试...
  [ERROR] 网络请求失败: HTTPSConnectionPool(host='palmmicro.com', port=443): Read timed out. (read timeout=15)

=== woody爬取 GLD-JP 的价格数据 ===
  ⏳ 遭遇服务器防火墙拦截或网络异常，强制休眠 14.7 秒后进行第 2 次重试...
  ⚠️  拦截: 发现尚未收盘的日本实时/盘前数据 (2026-04-16)，已跳过以防污染历史账本
  [OK] 成功读取GLD-JP数据，最新日期: 2026-04-15，最新价格: 442.08

=== 新浪爬取 XLY 的价格数据 ===
  [SINA_OK] 成功读取XLY数据，最新日期: 2026-04-15，最新价格: 118.18

=== 新浪爬取 SPY 的价格数据 ===
  [SINA_OK] 成功读取SPY数据，最新日期: 2026-04-15，最新价格: 699.94

=== 新浪爬取 QQQ 的价格数据 ===
  [SINA_OK] 成功读取QQQ数据，最新日期: 2026-04-15，最新价格: 637.4

=== woody爬取 USO 的价格数据 ===
  [OK] 成功读取USO数据，最新日期: 2026-04-15，最新价格: 122.59

=== woody爬取 USO-JP 的价格数据 ===
  ⚠️  拦截: 发现尚未收盘的日本实时/盘前数据 (2026-04-16)，已跳过以防污染历史账本
  [OK] 成功读取USO-JP数据，最新日期: 2026-04-15，最新价格: 121.43

=== woody爬取 GLD-EU 的价格数据 ===
  [OK] 成功读取GLD-EU数据，最新日期: 2026-04-15，最新价格: 440.64

=== woody爬取 USO-EU 的价格数据 ===
  [OK] 成功读取USO-EU数据，最新日期: 2026-04-15，最新价格: 124.92

=== 解析 API 数据的基准日期 ===
✅ 从 API 报文中成功提取到明确的基准日期: 2026-04-14

=== 从API获取LOF校准值与对冲值 ===
  [API] 513350 校准值: 959.647895 (精准写入基准日: 2026-04-14)
  [API] 513350 对冲值: 959.647895 (精准写入基准日: 2026-04-14)
  [API] 159518 校准值: 1006.699596 (精准写入基准日: 2026-04-14)
  [API] 159518 对冲值: 1006.699596 (精准写入基准日: 2026-04-14)
  [API] 162411 校准值: 1281.944735 (精准写入基准日: 2026-04-14)
  [API] 162411 对冲值: 1349.415511 (精准写入基准日: 2026-04-14)
  [API] 162415 校准值: 275.66099 (精准写入基准日: 2026-04-14)
  [API] 162415 对冲值: 293.256372 (精准写入基准日: 2026-04-14)
  [API] 159502 校准值: 677.040724 (精准写入基准日: 2026-04-14)
  [API] 159502 对冲值: 677.040724 (精准写入基准日: 2026-04-14)
  [API] 161127 校准值: 506.381699 (精准写入基准日: 2026-04-14)
  [API] 161127 对冲值: 533.033367 (精准写入基准日: 2026-04-14)
  [API] SPY 校准值: 10.034548 (精准写入基准日: 2026-04-14)
  [API] 161125 校准值: 16437.26533 (精准写入基准日: 2026-04-14)
  [API] 161125 对冲值: 1724.281408 (精准写入基准日: 2026-04-14)
  [API] QQQ 校准值: 41.108151 (精准写入基准日: 2026-04-14)
  [API] 161130 校准值: 44848.194129 (精准写入基准日: 2026-04-14)
  [API] 161130 对冲值: 1148.400603 (精准写入基准日: 2026-04-14)
SUCCESS: 基础数据已保存到: D:\Study\codexTest\CodexLOFarb\data\GLD_USO_basic_data.csv
SUCCESS: 共保存了 220 条记录
基础数据列名: ['日期', '人民币中间价', 'GLD', '^GLD-EU', '^GLD-JP', 'USO', '^USO-EU', '^USO-JP', '^USO-HK', 'XOP', 'SLV', 'XBI', 'SPY', 'QQQ', '黄金校准', '原油校准', '162411校准', '162411对冲', '161127校准', '161127对冲', '161125校准', '161125对冲', '161130校准', '161130对冲', '.INX', '.NDX', 'GC_settle', 'CL_settle', 'NQ_settle', 'ES_settle', 'SPY校准', 'QQQ校准', '513350校准', '513350对冲', '159518校准', '159518对冲', '162415校准', '162415对冲', '159502校准', '159502对冲', 'XLY']
数据:
             日期  人民币中间价     GLD  ...    159502校准    159502对冲     XLY
0    2026-04-16  6.8616     NaN  ...         NaN         NaN     NaN
1    2026-04-15  6.8582  440.46  ...         NaN         NaN  118.18
2    2026-04-14  6.8593  445.09  ...  677.040724  677.040724  116.44
3    2026-04-13  6.8657  435.36  ...         NaN         NaN  113.92
4    2026-04-12     NaN     NaN  ...         NaN         NaN     NaN
..          ...     ...     ...  ...         ...         ...     ...
215  2025-06-10     NaN     NaN  ...         NaN         NaN     NaN
216  2025-06-09     NaN     NaN  ...         NaN         NaN     NaN
217  2025-06-06     NaN     NaN  ...         NaN         NaN     NaN
218  2025-06-05     NaN     NaN  ...         NaN         NaN     NaN
219  2025-06-04     NaN     NaN  ...         NaN         NaN     NaN

[220 rows x 41 columns]

=== 基础数据CSV文件已生成 ===
基础数据包含历史汇率、GLD/USO及其区域变种的锚点数据，已保存为 GLD_USO_basic_data.csv
每次运行程序时，会先检查CSV文件中的最新日期，如果已有T-1日的GLD数据则不更新，否则获取最新数据
