INFO:readers.data_fetcher:从东财获取LOF基金 501018 历史净值数据
INFO:readers.data_fetcher:成功获取到 20 条净值记录！
INFO:readers.data_fetcher:从新浪获取LOF基金 501018 历史收盘价格数据
INFO:readers.data_fetcher:新浪API获取 31 天的数据
INFO:readers.data_fetcher:新浪API响应状态码: 200
INFO:readers.data_fetcher:找到 31 条新浪历史交易记录
INFO:readers.data_fetcher:处理今天(2026-04-17)的收盘价数据
INFO:readers.data_fetcher:成功获取LOF基金 501018 历史收盘价格数据，共31条记录
INFO:readers.data_fetcher:从东财获取LOF基金 160723 历史净值数据
INFO:readers.data_fetcher:成功获取到 20 条净值记录！
INFO:readers.data_fetcher:从新浪获取LOF基金 160723 历史收盘价格数据
INFO:readers.data_fetcher:新浪API获取 31 天的数据
INFO:readers.data_fetcher:新浪API响应状态码: 200
INFO:readers.data_fetcher:找到 31 条新浪历史交易记录
INFO:readers.data_fetcher:处理今天(2026-04-17)的收盘价数据
INFO:readers.data_fetcher:成功获取LOF基金 160723 历史收盘价格数据，共31条记录
INFO:readers.data_fetcher:从东财获取LOF基金 161129 历史净值数据
INFO:readers.data_fetcher:成功获取到 20 条净值记录！
INFO:readers.data_fetcher:从新浪获取LOF基金 161129 历史收盘价格数据
INFO:readers.data_fetcher:新浪API获取 31 天的数据
INFO:readers.data_fetcher:新浪API响应状态码: 200
INFO:readers.data_fetcher:找到 31 条新浪历史交易记录
INFO:readers.data_fetcher:处理今天(2026-04-17)的收盘价数据
INFO:readers.data_fetcher:成功获取LOF基金 161129 历史收盘价格数据，共31条记录
